<?xml version="1.0" encoding="UTF-8"?>
<!-- Generated by org.testng.reporters.JUnitXMLReporter -->
<testsuite ignored="2" hostname="VRASHTI" failures="0" tests="2" name="Test" time="0.072" errors="0" timestamp="2023-01-06T16:10:26 IST">
  <testcase classname="basicTestScript.DemoTestScriptTest2" name="verifyCustomer" time="0.011"/>
  <testcase classname="basicTestScript.DemoTestScriptTest" name="verifyHomePage" time="0.002"/>
  <testcase classname="genericUtility.BaseClass" name="@BeforeSuite bsConfig" time="0.0">
    <ignored/>
  </testcase> <!-- @BeforeSuite bsConfig -->
  <testcase classname="genericUtility.BaseClass" name="@AfterSuite asConfig" time="0.0">
    <ignored/>
  </testcase> <!-- @AfterSuite asConfig -->
</testsuite> <!-- Test -->
